[0mCompiling "target/cljsbuild/public/js/app.js" from ("src/cljc" "src/cljs" "env/dev/cljs")...
[31mCompiling "target/cljsbuild/public/js/app.js" failed.
[0mclojure.lang.ExceptionInfo: failed compiling file:/home/brett/workspace/luminus-todo/src/cljs/luminus_todo/core.cljs
 at clojure.core$ex_info.invokeStatic (core.clj:4617)
    clojure.core$ex_info.invoke (core.clj:4617)
    cljs.compiler$compile_file$fn__3590.invoke (compiler.cljc:1372)
    cljs.compiler$compile_file.invokeStatic (compiler.cljc:1338)
    cljs.compiler$compile_file.invoke (compiler.cljc:1318)
    cljs.closure$compile_file.invokeStatic (closure.clj:474)
    cljs.closure$compile_file.invoke (closure.clj:465)
    cljs.closure$eval5383$fn__5384.invoke (closure.clj:541)
    cljs.closure$eval5319$fn__5320$G__5308__5327.invoke (closure.clj:431)
    cljs.closure$eval5389$fn__5390.invoke (closure.clj:550)
    cljs.closure$eval5319$fn__5320$G__5308__5327.invoke (closure.clj:431)
    cljs.closure$compile_sources$iter__5504__5508$fn__5509.invoke (closure.clj:870)
    clojure.lang.LazySeq.sval (LazySeq.java:40)
    clojure.lang.LazySeq.seq (LazySeq.java:49)
    clojure.lang.Cons.next (Cons.java:39)
    clojure.lang.RT.next (RT.java:688)
    clojure.core$next__4341.invokeStatic (core.clj:64)
    clojure.core$dorun.invokeStatic (core.clj:3033)
    clojure.core$doall.invokeStatic (core.clj:3039)
    clojure.core$doall.invoke (core.clj:3039)
    cljs.closure$compile_sources.invokeStatic (closure.clj:866)
    cljs.closure$compile_sources.invoke (closure.clj:855)
    cljs.closure$build.invokeStatic (closure.clj:1941)
    cljs.closure$build.invoke (closure.clj:1880)
    cljs.build.api$build.invokeStatic (api.clj:210)
    cljs.build.api$build.invoke (api.clj:198)
    figwheel_sidecar.components.cljs_autobuild$cljs_build.invokeStatic (cljs_autobuild.clj:24)
    figwheel_sidecar.components.cljs_autobuild$cljs_build.invoke (cljs_autobuild.clj:23)
    figwheel_sidecar.build_middleware.injection$hook$fn__17938.invoke (injection.clj:139)
    figwheel_sidecar.build_middleware.notifications$hook$fn__18275.invoke (notifications.clj:187)
[32mSuccessfully compiled "target/cljsbuild/public/js/app.js" in 0.28 seconds.[0m
[0mCompiling "target/cljsbuild/public/js/app.js" from ("src/cljc" "src/cljs" "env/dev/cljs")...
notifying browser that file changed:  target/cljsbuild/public/js/out/goog/deps.js
notifying browser that file changed:  target/cljsbuild/public/js/out/cljs_deps.js
notifying browser that file changed:  out/luminus_todo/core.js
[32mSuccessfully compiled "target/cljsbuild/public/js/app.js" in 0.424 seconds.[0m
[0mCompiling "target/cljsbuild/public/js/app.js" from ("src/cljc" "src/cljs" "env/dev/cljs")...
notifying browser that file changed:  out/luminus_todo/core.js
[32mSuccessfully compiled "target/cljsbuild/public/js/app.js" in 0.272 seconds.[0m
[0mCompiling "target/cljsbuild/public/js/app.js" from ("src/cljc" "src/cljs" "env/dev/cljs")...
notifying browser that file changed:  out/luminus_todo/core.js
[32mSuccessfully compiled "target/cljsbuild/public/js/app.js" in 0.244 seconds.[0m
[0mCompiling "target/cljsbuild/public/js/app.js" from ("src/cljc" "src/cljs" "env/dev/cljs")...
notifying browser that file changed:  out/luminus_todo/core.js
[32mSuccessfully compiled "target/cljsbuild/public/js/app.js" in 0.322 seconds.[0m
[0mCompiling "target/cljsbuild/public/js/app.js" from ("src/cljc" "src/cljs" "env/dev/cljs")...
notifying browser that file changed:  out/luminus_todo/core.js
[32mSuccessfully compiled "target/cljsbuild/public/js/app.js" in 0.285 seconds.[0m
[0mCompiling "target/cljsbuild/public/js/app.js" from ("src/cljc" "src/cljs" "env/dev/cljs")...
notifying browser that file changed:  out/luminus_todo/core.js
[32mSuccessfully compiled "target/cljsbuild/public/js/app.js" in 0.194 seconds.[0m
[0mCompiling "target/cljsbuild/public/js/app.js" from ("src/cljc" "src/cljs" "env/dev/cljs")...
notifying browser that file changed:  out/luminus_todo/core.js
[32mSuccessfully compiled "target/cljsbuild/public/js/app.js" in 0.217 seconds.[0m
[0mCompiling "target/cljsbuild/public/js/app.js" from ("src/cljc" "src/cljs" "env/dev/cljs")...
notifying browser that file changed:  out/luminus_todo/core.js
[32mSuccessfully compiled "target/cljsbuild/public/js/app.js" in 0.233 seconds.[0m
[0mCompiling "target/cljsbuild/public/js/app.js" from ("src/cljc" "src/cljs" "env/dev/cljs")...
notifying browser that file changed:  out/luminus_todo/core.js
[32mSuccessfully compiled "target/cljsbuild/public/js/app.js" in 0.251 seconds.[0m
[0mCompiling "target/cljsbuild/public/js/app.js" from ("src/cljc" "src/cljs" "env/dev/cljs")...
notifying browser that file changed:  out/luminus_todo/core.js
[32mSuccessfully compiled "target/cljsbuild/public/js/app.js" in 0.317 seconds.[0m
[0mCompiling "target/cljsbuild/public/js/app.js" from ("src/cljc" "src/cljs" "env/dev/cljs")...
notifying browser that file changed:  out/luminus_todo/core.js
[32mSuccessfully compiled "target/cljsbuild/public/js/app.js" in 0.277 seconds.[0m
[0mCompiling "target/cljsbuild/public/js/app.js" from ("src/cljc" "src/cljs" "env/dev/cljs")...
notifying browser that file changed:  out/luminus_todo/core.js
[32mSuccessfully compiled "target/cljsbuild/public/js/app.js" in 0.173 seconds.[0m
[0mCompiling "target/cljsbuild/public/js/app.js" from ("src/cljc" "src/cljs" "env/dev/cljs")...
notifying browser that file changed:  out/luminus_todo/core.js
[32mSuccessfully compiled "target/cljsbuild/public/js/app.js" in 0.196 seconds.[0m
[0mCompiling "target/cljsbuild/public/js/app.js" from ("src/cljc" "src/cljs" "env/dev/cljs")...
notifying browser that file changed:  out/luminus_todo/core.js
[32mSuccessfully compiled "target/cljsbuild/public/js/app.js" in 0.16 seconds.[0m
[0mCompiling "target/cljsbuild/public/js/app.js" from ("src/cljc" "src/cljs" "env/dev/cljs")...
notifying browser that file changed:  out/luminus_todo/core.js
[32mSuccessfully compiled "target/cljsbuild/public/js/app.js" in 0.195 seconds.[0m
[0mCompiling "target/cljsbuild/public/js/app.js" from ("src/cljc" "src/cljs" "env/dev/cljs")...
notifying browser that file changed:  out/luminus_todo/core.js
[32mSuccessfully compiled "target/cljsbuild/public/js/app.js" in 0.167 seconds.[0m
[0mCompiling "target/cljsbuild/public/js/app.js" from ("src/cljc" "src/cljs" "env/dev/cljs")...
notifying browser that file changed:  out/luminus_todo/core.js
[32mSuccessfully compiled "target/cljsbuild/public/js/app.js" in 0.451 seconds.[0m
[0mCompiling "target/cljsbuild/public/js/app.js" from ("src/cljc" "src/cljs" "env/dev/cljs")...
notifying browser that file changed:  out/luminus_todo/core.js
[32mSuccessfully compiled "target/cljsbuild/public/js/app.js" in 0.171 seconds.[0m
